{"meta": {"format": 3, "version": "7.13.4", "timestamp": "2026-04-25T18:03:52.344131", "branch_coverage": false, "show_contexts": false}, "files": {"src/controller.py": {"executed_lines": [1, 2, 3, 4, 5, 6, 7, 8, 9, 10, 11, 12, 14, 18, 19, 21, 26, 39, 40, 41, 42, 43, 45, 46, 47, 48, 51, 54, 55, 56, 57, 58, 59, 60, 61, 62, 63, 66, 67, 68, 69, 72, 73, 74, 75, 76, 77, 78, 79, 82, 83, 84, 86, 123, 157, 176, 194, 202, 212, 221, 225, 226, 228, 229, 230, 231, 232, 234, 235, 238, 240, 241, 242, 245, 246, 247, 248, 249, 252, 255, 256, 257, 260, 262, 265, 266, 267, 274, 275, 276, 278, 279, 280, 281, 282, 283, 284, 286, 298, 307, 312, 314, 315, 316, 318, 320, 322, 323, 325, 330, 334, 335, 336, 337, 340, 343, 344, 345, 347, 359, 360, 361, 364, 367, 369, 370, 371, 372, 375, 392, 394, 397, 398, 399, 402, 403, 404, 406, 408, 409, 410, 412, 413, 414, 416, 420, 421, 422, 423, 427, 428, 429, 431, 432, 433, 435, 436, 439, 440, 442, 443, 444, 448, 449, 453, 456, 458, 460, 463, 464, 465, 466, 467, 469], "summary": {"covered_lines": 174, "num_statements": 288, "percent_covered": 60.416666666666664, "percent_covered_display": "60", "missing_lines": 114, "excluded_lines": 0, "percent_statements_covered": 60.416666666666664, "percent_statements_covered_display": "60"}, "missing_lines": [22, 23, 24, 27, 29, 30, 32, 33, 34, 35, 37, 88, 92, 94, 100, 101, 102, 103, 105, 106, 109, 110, 113, 114, 116, 119, 121, 124, 127, 131, 134, 138, 139, 141, 144, 145, 146, 149, 150, 151, 153, 161, 162, 163, 166, 167, 168, 171, 172, 173, 174, 181, 184, 187, 188, 190, 191, 195, 196, 197, 198, 199, 200, 203, 206, 208, 209, 210, 213, 214, 215, 217, 218, 219, 236, 237, 270, 271, 272, 288, 294, 295, 296, 299, 300, 302, 303, 304, 305, 326, 327, 328, 348, 349, 350, 352, 353, 354, 356, 357, 377, 384, 385, 386, 389, 390, 424, 425, 445, 446, 450, 451, 470, 471], "excluded_lines": [], "functions": {"LensWorker.__init__": {"executed_lines": [], "summary": {"covered_lines": 0, "num_statements": 3, "percent_covered": 0.0, "percent_covered_display": "0", "missing_lines": 3, "excluded_lines": 0, "percent_statements_covered": 0.0, "percent_statements_covered_display": "0"}, "missing_lines": [22, 23, 24], "excluded_lines": [], "start_line": 21}, "LensWorker.run": {"executed_lines": [], "summary": {"covered_lines": 0, "num_statements": 6, "percent_covered": 0.0, "percent_covered_display": "0", "missing_lines": 6, "excluded_lines": 0, "percent_statements_covered": 0.0, "percent_statements_covered_display": "0"}, "missing_lines": [27, 32, 33, 34, 35, 37], "excluded_lines": [], "start_line": 26}, "LensWorker.run.cb": {"executed_lines": [], "summary": {"covered_lines": 0, "num_statements": 2, "percent_covered": 0.0, "percent_covered_display": "0", "missing_lines": 2, "excluded_lines": 0, "percent_statements_covered": 0.0, "percent_statements_covered_display": "0"}, "missing_lines": [29, 30], "excluded_lines": [], "start_line": 27}, "Controller.__init__": {"executed_lines": [41, 42, 43, 45, 46, 47, 48, 51, 54, 55, 56, 57, 58, 59, 60, 61, 62, 63, 66, 67, 68, 69, 72, 73, 74, 75, 76, 77, 78, 79, 82, 83, 84], "summary": {"covered_lines": 33, "num_statements": 33, "percent_covered": 100.0, "percent_covered_display": "100", "missing_lines": 0, "excluded_lines": 0, "percent_statements_covered": 100.0, "percent_statements_covered_display": "100"}, "missing_lines": [], "excluded_lines": [], "start_line": 40}, "Controller.on_point_moved": {"executed_lines": [], "summary": {"covered_lines": 0, "num_statements": 16, "percent_covered": 0.0, "percent_covered_display": "0", "missing_lines": 16, "excluded_lines": 0, "percent_statements_covered": 0.0, "percent_statements_covered_display": "0"}, "missing_lines": [88, 92, 94, 100, 101, 102, 103, 105, 106, 109, 110, 113, 114, 116, 119, 121], "excluded_lines": [], "start_line": 86}, "Controller.on_auto_grid": {"executed_lines": [], "summary": {"covered_lines": 0, "num_statements": 14, "percent_covered": 0.0, "percent_covered_display": "0", "missing_lines": 14, "excluded_lines": 0, "percent_statements_covered": 0.0, "percent_statements_covered_display": "0"}, "missing_lines": [124, 127, 131, 134, 138, 139, 141, 144, 145, 146, 149, 150, 151, 153], "excluded_lines": [], "start_line": 123}, "Controller.on_auto_lens_correction": {"executed_lines": [], "summary": {"covered_lines": 0, "num_statements": 10, "percent_covered": 0.0, "percent_covered_display": "0", "missing_lines": 10, "excluded_lines": 0, "percent_statements_covered": 0.0, "percent_statements_covered_display": "0"}, "missing_lines": [161, 162, 163, 166, 167, 168, 171, 172, 173, 174], "excluded_lines": [], "start_line": 157}, "Controller.on_auto_lens_finished": {"executed_lines": [], "summary": {"covered_lines": 0, "num_statements": 6, "percent_covered": 0.0, "percent_covered_display": "0", "missing_lines": 6, "excluded_lines": 0, "percent_statements_covered": 0.0, "percent_statements_covered_display": "0"}, "missing_lines": [181, 184, 187, 188, 190, 191], "excluded_lines": [], "start_line": 176}, "Controller.resize_mesh": {"executed_lines": [], "summary": {"covered_lines": 0, "num_statements": 6, "percent_covered": 0.0, "percent_covered_display": "0", "missing_lines": 6, "excluded_lines": 0, "percent_statements_covered": 0.0, "percent_statements_covered_display": "0"}, "missing_lines": [195, 196, 197, 198, 199, 200], "excluded_lines": [], "start_line": 194}, "Controller.open_image": {"executed_lines": [], "summary": {"covered_lines": 0, "num_statements": 5, "percent_covered": 0.0, "percent_covered_display": "0", "missing_lines": 5, "excluded_lines": 0, "percent_statements_covered": 0.0, "percent_statements_covered_display": "0"}, "missing_lines": [203, 206, 208, 209, 210], "excluded_lines": [], "start_line": 202}, "Controller.open_camera": {"executed_lines": [], "summary": {"covered_lines": 0, "num_statements": 6, "percent_covered": 0.0, "percent_covered_display": "0", "missing_lines": 6, "excluded_lines": 0, "percent_statements_covered": 0.0, "percent_statements_covered_display": "0"}, "missing_lines": [213, 214, 215, 217, 218, 219], "excluded_lines": [], "start_line": 212}, "Controller.extract_grid_from_filename": {"executed_lines": [225, 226, 228, 229, 230, 231, 232, 234, 235, 238], "summary": {"covered_lines": 10, "num_statements": 12, "percent_covered": 83.33333333333333, "percent_covered_display": "83", "missing_lines": 2, "excluded_lines": 0, "percent_statements_covered": 83.33333333333333, "percent_statements_covered_display": "83"}, "missing_lines": [236, 237], "excluded_lines": [], "start_line": 221}, "Controller.load_new_image": {"executed_lines": [241, 242, 245, 246, 247, 248, 249, 252, 255, 256, 257, 260, 262, 265, 266, 267, 274, 275, 276], "summary": {"covered_lines": 19, "num_statements": 22, "percent_covered": 86.36363636363636, "percent_covered_display": "86", "missing_lines": 3, "excluded_lines": 0, "percent_statements_covered": 86.36363636363636, "percent_statements_covered_display": "86"}, "missing_lines": [270, 271, 272], "excluded_lines": [], "start_line": 240}, "Controller.reset_mesh": {"executed_lines": [279, 280, 281, 282, 283, 284], "summary": {"covered_lines": 6, "num_statements": 6, "percent_covered": 100.0, "percent_covered_display": "100", "missing_lines": 0, "excluded_lines": 0, "percent_statements_covered": 100.0, "percent_statements_covered_display": "100"}, "missing_lines": [], "excluded_lines": [], "start_line": 278}, "Controller.straighten_grid": {"executed_lines": [], "summary": {"covered_lines": 0, "num_statements": 4, "percent_covered": 0.0, "percent_covered_display": "0", "missing_lines": 4, "excluded_lines": 0, "percent_statements_covered": 0.0, "percent_statements_covered_display": "0"}, "missing_lines": [288, 294, 295, 296], "excluded_lines": [], "start_line": 286}, "Controller.expand_mesh_to_full_frame": {"executed_lines": [], "summary": {"covered_lines": 0, "num_statements": 6, "percent_covered": 0.0, "percent_covered_display": "0", "missing_lines": 6, "excluded_lines": 0, "percent_statements_covered": 0.0, "percent_statements_covered_display": "0"}, "missing_lines": [299, 300, 302, 303, 304, 305], "excluded_lines": [], "start_line": 298}, "Controller.rotate_grid": {"executed_lines": [312, 314, 315, 316], "summary": {"covered_lines": 4, "num_statements": 4, "percent_covered": 100.0, "percent_covered_display": "100", "missing_lines": 0, "excluded_lines": 0, "percent_statements_covered": 100.0, "percent_statements_covered_display": "100"}, "missing_lines": [], "excluded_lines": [], "start_line": 307}, "Controller.subdivide_grid": {"executed_lines": [320, 322, 323], "summary": {"covered_lines": 3, "num_statements": 3, "percent_covered": 100.0, "percent_covered_display": "100", "missing_lines": 0, "excluded_lines": 0, "percent_statements_covered": 100.0, "percent_statements_covered_display": "100"}, "missing_lines": [], "excluded_lines": [], "start_line": 318}, "Controller.update_lens": {"executed_lines": [], "summary": {"covered_lines": 0, "num_statements": 3, "percent_covered": 0.0, "percent_covered_display": "0", "missing_lines": 3, "excluded_lines": 0, "percent_statements_covered": 0.0, "percent_statements_covered_display": "0"}, "missing_lines": [326, 327, 328], "excluded_lines": [], "start_line": 325}, "Controller._update_lens_params_with_sync": {"executed_lines": [334, 335, 336, 337, 340, 343, 344, 345], "summary": {"covered_lines": 8, "num_statements": 8, "percent_covered": 100.0, "percent_covered_display": "100", "missing_lines": 0, "excluded_lines": 0, "percent_statements_covered": 100.0, "percent_statements_covered_display": "100"}, "missing_lines": [], "excluded_lines": [], "start_line": 330}, "Controller.toggle_preview_window": {"executed_lines": [], "summary": {"covered_lines": 0, "num_statements": 8, "percent_covered": 0.0, "percent_covered_display": "0", "missing_lines": 8, "excluded_lines": 0, "percent_statements_covered": 0.0, "percent_statements_covered_display": "0"}, "missing_lines": [348, 349, 350, 352, 353, 354, 356, 357], "excluded_lines": [], "start_line": 347}, "Controller.update_preview": {"executed_lines": [360, 361, 364, 367, 369, 370, 371, 372, 375], "summary": {"covered_lines": 9, "num_statements": 15, "percent_covered": 60.0, "percent_covered_display": "60", "missing_lines": 6, "excluded_lines": 0, "percent_statements_covered": 60.0, "percent_statements_covered_display": "60"}, "missing_lines": [377, 384, 385, 386, 389, 390], "excluded_lines": [], "start_line": 359}, "Controller.sync_crosshair": {"executed_lines": [394, 397, 398, 399, 402, 403, 404], "summary": {"covered_lines": 7, "num_statements": 7, "percent_covered": 100.0, "percent_covered_display": "100", "missing_lines": 0, "excluded_lines": 0, "percent_statements_covered": 100.0, "percent_statements_covered_display": "100"}, "missing_lines": [], "excluded_lines": [], "start_line": 392}, "Controller.on_guide_scale_changed": {"executed_lines": [408, 409, 410], "summary": {"covered_lines": 3, "num_statements": 3, "percent_covered": 100.0, "percent_covered_display": "100", "missing_lines": 0, "excluded_lines": 0, "percent_statements_covered": 100.0, "percent_statements_covered_display": "100"}, "missing_lines": [], "excluded_lines": [], "start_line": 406}, "Controller.save_project": {"executed_lines": [413, 414, 416, 420, 421, 422, 423], "summary": {"covered_lines": 7, "num_statements": 9, "percent_covered": 77.77777777777777, "percent_covered_display": "78", "missing_lines": 2, "excluded_lines": 0, "percent_statements_covered": 77.77777777777777, "percent_statements_covered_display": "78"}, "missing_lines": [424, 425], "excluded_lines": [], "start_line": 412}, "Controller.load_project": {"executed_lines": [428, 429, 431, 432, 433, 435, 436, 439, 440, 442, 443, 444], "summary": {"covered_lines": 12, "num_statements": 14, "percent_covered": 85.71428571428571, "percent_covered_display": "86", "missing_lines": 2, "excluded_lines": 0, "percent_statements_covered": 85.71428571428571, "percent_statements_covered_display": "86"}, "missing_lines": [445, 446], "excluded_lines": [], "start_line": 427}, "Controller.export": {"executed_lines": [449, 453, 456, 458, 460, 463, 464, 465, 466, 467, 469], "summary": {"covered_lines": 11, "num_statements": 15, "percent_covered": 73.33333333333333, "percent_covered_display": "73", "missing_lines": 4, "excluded_lines": 0, "percent_statements_covered": 73.33333333333333, "percent_statements_covered_display": "73"}, "missing_lines": [450, 451, 470, 471], "excluded_lines": [], "start_line": 448}, "": {"executed_lines": [1, 2, 3, 4, 5, 6, 7, 8, 9, 10, 11, 12, 14, 18, 19, 21, 26, 39, 40, 86, 123, 157, 176, 194, 202, 212, 221, 240, 278, 286, 298, 307, 318, 325, 330, 347, 359, 392, 406, 412, 427, 448], "summary": {"covered_lines": 42, "num_statements": 42, "percent_covered": 100.0, "percent_covered_display": "100", "missing_lines": 0, "excluded_lines": 0, "percent_statements_covered": 100.0, "percent_statements_covered_display": "100"}, "missing_lines": [], "excluded_lines": [], "start_line": 1}}, "classes": {"LensWorker": {"executed_lines": [], "summary": {"covered_lines": 0, "num_statements": 11, "percent_covered": 0.0, "percent_covered_display": "0", "missing_lines": 11, "excluded_lines": 0, "percent_statements_covered": 0.0, "percent_statements_covered_display": "0"}, "missing_lines": [22, 23, 24, 27, 29, 30, 32, 33, 34, 35, 37], "excluded_lines": [], "start_line": 14}, "Controller": {"executed_lines": [41, 42, 43, 45, 46, 47, 48, 51, 54, 55, 56, 57, 58, 59, 60, 61, 62, 63, 66, 67, 68, 69, 72, 73, 74, 75, 76, 77, 78, 79, 82, 83, 84, 225, 226, 228, 229, 230, 231, 232, 234, 235, 238, 241, 242, 245, 246, 247, 248, 249, 252, 255, 256, 257, 260, 262, 265, 266, 267, 274, 275, 276, 279, 280, 281, 282, 283, 284, 312, 314, 315, 316, 320, 322, 323, 334, 335, 336, 337, 340, 343, 344, 345, 360, 361, 364, 367, 369, 370, 371, 372, 375, 394, 397, 398, 399, 402, 403, 404, 408, 409, 410, 413, 414, 416, 420, 421, 422, 423, 428, 429, 431, 432, 433, 435, 436, 439, 440, 442, 443, 444, 449, 453, 456, 458, 460, 463, 464, 465, 466, 467, 469], "summary": {"covered_lines": 132, "num_statements": 235, "percent_covered": 56.170212765957444, "percent_covered_display": "56", "missing_lines": 103, "excluded_lines": 0, "percent_statements_covered": 56.170212765957444, "percent_statements_covered_display": "56"}, "missing_lines": [88, 92, 94, 100, 101, 102, 103, 105, 106, 109, 110, 113, 114, 116, 119, 121, 124, 127, 131, 134, 138, 139, 141, 144, 145, 146, 149, 150, 151, 153, 161, 162, 163, 166, 167, 168, 171, 172, 173, 174, 181, 184, 187, 188, 190, 191, 195, 196, 197, 198, 199, 200, 203, 206, 208, 209, 210, 213, 214, 215, 217, 218, 219, 236, 237, 270, 271, 272, 288, 294, 295, 296, 299, 300, 302, 303, 304, 305, 326, 327, 328, 348, 349, 350, 352, 353, 354, 356, 357, 377, 384, 385, 386, 389, 390, 424, 425, 445, 446, 450, 451, 470, 471], "excluded_lines": [], "start_line": 39}, "": {"executed_lines": [1, 2, 3, 4, 5, 6, 7, 8, 9, 10, 11, 12, 14, 18, 19, 21, 26, 39, 40, 86, 123, 157, 176, 194, 202, 212, 221, 240, 278, 286, 298, 307, 318, 325, 330, 347, 359, 392, 406, 412, 427, 448], "summary": {"covered_lines": 42, "num_statements": 42, "percent_covered": 100.0, "percent_covered_display": "100", "missing_lines": 0, "excluded_lines": 0, "percent_statements_covered": 100.0, "percent_statements_covered_display": "100"}, "missing_lines": [], "excluded_lines": [], "start_line": 1}}}, "src/engine.py": {"executed_lines": [1, 2, 3, 5, 6, 7, 8, 9, 10, 11, 12, 13, 15, 16, 17, 18, 19, 20, 21, 23, 24, 25, 26, 31, 33, 34, 35, 36, 37, 38, 40, 41, 42, 43, 44, 45, 48, 49, 50, 52, 53, 54, 55, 59, 60, 61, 62, 63, 64, 65, 67, 68, 75, 81, 84, 86, 87, 90, 92, 93, 95, 97, 98, 99, 101, 103, 104, 105, 108, 109, 112, 113, 114, 116, 117, 119, 120, 122, 123, 125, 126, 129, 133, 134, 136, 137, 138, 141, 142, 143, 144, 145, 146, 148, 149, 150], "summary": {"covered_lines": 96, "num_statements": 104, "percent_covered": 92.3076923076923, "percent_covered_display": "92", "missing_lines": 8, "excluded_lines": 0, "percent_statements_covered": 92.3076923076923, "percent_statements_covered_display": "92"}, "missing_lines": [27, 28, 29, 30, 46, 88, 130, 151], "excluded_lines": [], "functions": {"WarpEngine.get_lens_maps": {"executed_lines": [8, 9, 10, 11, 12, 13], "summary": {"covered_lines": 6, "num_statements": 6, "percent_covered": 100.0, "percent_covered_display": "100", "missing_lines": 0, "excluded_lines": 0, "percent_statements_covered": 100.0, "percent_statements_covered_display": "100"}, "missing_lines": [], "excluded_lines": [], "start_line": 7}, "WarpEngine.get_mesh_map": {"executed_lines": [17, 18, 19, 20, 21, 23, 24, 25, 26, 31], "summary": {"covered_lines": 10, "num_statements": 14, "percent_covered": 71.42857142857143, "percent_covered_display": "71", "missing_lines": 4, "excluded_lines": 0, "percent_statements_covered": 71.42857142857143, "percent_statements_covered_display": "71"}, "missing_lines": [27, 28, 29, 30], "excluded_lines": [], "start_line": 16}, "WarpEngine.apply_lens_distortion": {"executed_lines": [35, 36, 37, 38], "summary": {"covered_lines": 4, "num_statements": 4, "percent_covered": 100.0, "percent_covered_display": "100", "missing_lines": 0, "excluded_lines": 0, "percent_statements_covered": 100.0, "percent_statements_covered_display": "100"}, "missing_lines": [], "excluded_lines": [], "start_line": 34}, "WarpEngine.apply_mesh_rectification": {"executed_lines": [42, 43, 44, 45, 48, 49, 50], "summary": {"covered_lines": 7, "num_statements": 8, "percent_covered": 87.5, "percent_covered_display": "88", "missing_lines": 1, "excluded_lines": 0, "percent_statements_covered": 87.5, "percent_statements_covered_display": "88"}, "missing_lines": [46], "excluded_lines": [], "start_line": 41}, "WarpEngine.sync_perspective": {"executed_lines": [54, 55, 59, 60, 61, 62, 63, 64, 65], "summary": {"covered_lines": 9, "num_statements": 9, "percent_covered": 100.0, "percent_covered_display": "100", "missing_lines": 0, "excluded_lines": 0, "percent_statements_covered": 100.0, "percent_statements_covered_display": "100"}, "missing_lines": [], "excluded_lines": [], "start_line": 53}, "WarpEngine.expand_mesh": {"executed_lines": [75, 81, 84, 86, 87, 90, 95, 101, 108, 109, 112, 113, 114, 116, 117, 119, 120, 122, 123, 125, 126, 129, 133, 134, 136, 137, 138, 141, 142, 143, 144, 145, 146], "summary": {"covered_lines": 33, "num_statements": 35, "percent_covered": 94.28571428571429, "percent_covered_display": "94", "missing_lines": 2, "excluded_lines": 0, "percent_statements_covered": 94.28571428571429, "percent_statements_covered_display": "94"}, "missing_lines": [88, 130], "excluded_lines": [], "start_line": 68}, "WarpEngine.expand_mesh.is_within_fov": {"executed_lines": [92, 93], "summary": {"covered_lines": 2, "num_statements": 2, "percent_covered": 100.0, "percent_covered_display": "100", "missing_lines": 0, "excluded_lines": 0, "percent_statements_covered": 100.0, "percent_statements_covered_display": "100"}, "missing_lines": [], "excluded_lines": [], "start_line": 90}, "WarpEngine.expand_mesh.check_row_fov": {"executed_lines": [97, 98, 99], "summary": {"covered_lines": 3, "num_statements": 3, "percent_covered": 100.0, "percent_covered_display": "100", "missing_lines": 0, "excluded_lines": 0, "percent_statements_covered": 100.0, "percent_statements_covered_display": "100"}, "missing_lines": [], "excluded_lines": [], "start_line": 95}, "WarpEngine.expand_mesh.check_col_fov": {"executed_lines": [103, 104, 105], "summary": {"covered_lines": 3, "num_statements": 3, "percent_covered": 100.0, "percent_covered_display": "100", "missing_lines": 0, "excluded_lines": 0, "percent_statements_covered": 100.0, "percent_statements_covered_display": "100"}, "missing_lines": [], "excluded_lines": [], "start_line": 101}, "WarpEngine.process_preview": {"executed_lines": [150], "summary": {"covered_lines": 1, "num_statements": 2, "percent_covered": 50.0, "percent_covered_display": "50", "missing_lines": 1, "excluded_lines": 0, "percent_statements_covered": 50.0, "percent_statements_covered_display": "50"}, "missing_lines": [151], "excluded_lines": [], "start_line": 149}, "": {"executed_lines": [1, 2, 3, 5, 6, 7, 15, 16, 33, 34, 40, 41, 52, 53, 67, 68, 148, 149], "summary": {"covered_lines": 18, "num_statements": 18, "percent_covered": 100.0, "percent_covered_display": "100", "missing_lines": 0, "excluded_lines": 0, "percent_statements_covered": 100.0, "percent_statements_covered_display": "100"}, "missing_lines": [], "excluded_lines": [], "start_line": 1}}, "classes": {"WarpEngine": {"executed_lines": [8, 9, 10, 11, 12, 13, 17, 18, 19, 20, 21, 23, 24, 25, 26, 31, 35, 36, 37, 38, 42, 43, 44, 45, 48, 49, 50, 54, 55, 59, 60, 61, 62, 63, 64, 65, 75, 81, 84, 86, 87, 90, 92, 93, 95, 97, 98, 99, 101, 103, 104, 105, 108, 109, 112, 113, 114, 116, 117, 119, 120, 122, 123, 125, 126, 129, 133, 134, 136, 137, 138, 141, 142, 143, 144, 145, 146, 150], "summary": {"covered_lines": 78, "num_statements": 86, "percent_covered": 90.69767441860465, "percent_covered_display": "91", "missing_lines": 8, "excluded_lines": 0, "percent_statements_covered": 90.69767441860465, "percent_statements_covered_display": "91"}, "missing_lines": [27, 28, 29, 30, 46, 88, 130, 151], "excluded_lines": [], "start_line": 5}, "": {"executed_lines": [1, 2, 3, 5, 6, 7, 15, 16, 33, 34, 40, 41, 52, 53, 67, 68, 148, 149], "summary": {"covered_lines": 18, "num_statements": 18, "percent_covered": 100.0, "percent_covered_display": "100", "missing_lines": 0, "excluded_lines": 0, "percent_statements_covered": 100.0, "percent_statements_covered_display": "100"}, "missing_lines": [], "excluded_lines": [], "start_line": 1}}}, "src/main.py": {"executed_lines": [], "summary": {"covered_lines": 0, "num_statements": 15, "percent_covered": 0.0, "percent_covered_display": "0", "missing_lines": 15, "excluded_lines": 0, "percent_statements_covered": 0.0, "percent_statements_covered_display": "0"}, "missing_lines": [1, 2, 3, 4, 5, 7, 8, 10, 11, 12, 14, 16, 17, 19, 20], "excluded_lines": [], "functions": {"main": {"executed_lines": [], "summary": {"covered_lines": 0, "num_statements": 7, "percent_covered": 0.0, "percent_covered_display": "0", "missing_lines": 7, "excluded_lines": 0, "percent_statements_covered": 0.0, "percent_statements_covered_display": "0"}, "missing_lines": [8, 10, 11, 12, 14, 16, 17], "excluded_lines": [], "start_line": 7}, "": {"executed_lines": [], "summary": {"covered_lines": 0, "num_statements": 8, "percent_covered": 0.0, "percent_covered_display": "0", "missing_lines": 8, "excluded_lines": 0, "percent_statements_covered": 0.0, "percent_statements_covered_display": "0"}, "missing_lines": [1, 2, 3, 4, 5, 7, 19, 20], "excluded_lines": [], "start_line": 1}}, "classes": {"": {"executed_lines": [], "summary": {"covered_lines": 0, "num_statements": 15, "percent_covered": 0.0, "percent_covered_display": "0", "missing_lines": 15, "excluded_lines": 0, "percent_statements_covered": 0.0, "percent_statements_covered_display": "0"}, "missing_lines": [1, 2, 3, 4, 5, 7, 8, 10, 11, 12, 14, 16, 17, 19, 20], "excluded_lines": [], "start_line": 1}}}, "src/model.py": {"executed_lines": [1, 2, 3, 4, 5, 7, 8, 9, 10, 12, 13, 14, 15, 16, 18, 19, 21, 22, 24, 30, 31, 32, 33, 34, 36, 37, 38, 40, 41, 42, 43, 44, 45, 46, 48, 54, 55, 58, 59, 60, 62, 64, 65, 66, 68, 70, 71, 72, 74, 75, 76, 78, 80, 81, 83, 84, 85, 86, 88, 89, 90, 93, 94, 95, 96, 97, 98, 100, 101, 102, 104, 111, 114, 116, 118, 119, 120, 122, 123, 124, 125, 126, 127, 128, 129, 150, 151, 157, 158, 159, 160], "summary": {"covered_lines": 91, "num_statements": 101, "percent_covered": 90.0990099009901, "percent_covered_display": "90", "missing_lines": 10, "excluded_lines": 0, "percent_statements_covered": 90.0990099009901, "percent_statements_covered_display": "90"}, "missing_lines": [132, 139, 140, 142, 143, 144, 145, 146, 147, 148], "excluded_lines": [], "functions": {"LensModel.to_dict": {"executed_lines": [19], "summary": {"covered_lines": 1, "num_statements": 1, "percent_covered": 100.0, "percent_covered_display": "100", "missing_lines": 0, "excluded_lines": 0, "percent_statements_covered": 100.0, "percent_statements_covered_display": "100"}, "missing_lines": [], "excluded_lines": [], "start_line": 18}, "LensModel.from_dict": {"executed_lines": [24], "summary": {"covered_lines": 1, "num_statements": 1, "percent_covered": 100.0, "percent_covered_display": "100", "missing_lines": 0, "excluded_lines": 0, "percent_statements_covered": 100.0, "percent_statements_covered_display": "100"}, "missing_lines": [], "excluded_lines": [], "start_line": 22}, "MeshModel.__post_init__": {"executed_lines": [37, 38], "summary": {"covered_lines": 2, "num_statements": 2, "percent_covered": 100.0, "percent_covered_display": "100", "missing_lines": 0, "excluded_lines": 0, "percent_statements_covered": 100.0, "percent_statements_covered_display": "100"}, "missing_lines": [], "excluded_lines": [], "start_line": 36}, "MeshModel.reset": {"executed_lines": [41, 42, 43, 44, 45, 46], "summary": {"covered_lines": 6, "num_statements": 6, "percent_covered": 100.0, "percent_covered_display": "100", "missing_lines": 0, "excluded_lines": 0, "percent_statements_covered": 100.0, "percent_statements_covered_display": "100"}, "missing_lines": [], "excluded_lines": [], "start_line": 40}, "MeshModel.rotate_clockwise": {"executed_lines": [54, 55, 58, 59, 60, 62, 64, 65, 66], "summary": {"covered_lines": 9, "num_statements": 9, "percent_covered": 100.0, "percent_covered_display": "100", "missing_lines": 0, "excluded_lines": 0, "percent_statements_covered": 100.0, "percent_statements_covered_display": "100"}, "missing_lines": [], "excluded_lines": [], "start_line": 48}, "MeshModel.subdivide": {"executed_lines": [70, 71, 72, 74, 75, 76, 78, 80, 81, 83, 84, 85, 86, 88, 89, 90, 93, 94, 95, 96, 97, 98, 100, 101, 102], "summary": {"covered_lines": 25, "num_statements": 25, "percent_covered": 100.0, "percent_covered_display": "100", "missing_lines": 0, "excluded_lines": 0, "percent_statements_covered": 100.0, "percent_statements_covered_display": "100"}, "missing_lines": [], "excluded_lines": [], "start_line": 68}, "MeshModel.transform_by_corners": {"executed_lines": [111, 114, 116, 118, 119, 120, 122, 123, 124, 125, 126, 127, 128, 129], "summary": {"covered_lines": 14, "num_statements": 24, "percent_covered": 58.333333333333336, "percent_covered_display": "58", "missing_lines": 10, "excluded_lines": 0, "percent_statements_covered": 58.333333333333336, "percent_statements_covered_display": "58"}, "missing_lines": [132, 139, 140, 142, 143, 144, 145, 146, 147, 148], "excluded_lines": [], "start_line": 104}, "MeshModel.to_dict": {"executed_lines": [151], "summary": {"covered_lines": 1, "num_statements": 1, "percent_covered": 100.0, "percent_covered_display": "100", "missing_lines": 0, "excluded_lines": 0, "percent_statements_covered": 100.0, "percent_statements_covered_display": "100"}, "missing_lines": [], "excluded_lines": [], "start_line": 150}, "MeshModel.from_dict": {"executed_lines": [159, 160], "summary": {"covered_lines": 2, "num_statements": 2, "percent_covered": 100.0, "percent_covered_display": "100", "missing_lines": 0, "excluded_lines": 0, "percent_statements_covered": 100.0, "percent_statements_covered_display": "100"}, "missing_lines": [], "excluded_lines": [], "start_line": 158}, "": {"executed_lines": [1, 2, 3, 4, 5, 7, 8, 9, 10, 12, 13, 14, 15, 16, 18, 21, 22, 30, 31, 32, 33, 34, 36, 40, 48, 68, 104, 150, 157, 158], "summary": {"covered_lines": 30, "num_statements": 30, "percent_covered": 100.0, "percent_covered_display": "100", "missing_lines": 0, "excluded_lines": 0, "percent_statements_covered": 100.0, "percent_statements_covered_display": "100"}, "missing_lines": [], "excluded_lines": [], "start_line": 1}}, "classes": {"Point": {"executed_lines": [], "summary": {"covered_lines": 0, "num_statements": 0, "percent_covered": 100.0, "percent_covered_display": "100", "missing_lines": 0, "excluded_lines": 0, "percent_statements_covered": 100.0, "percent_statements_covered_display": "100"}, "missing_lines": [], "excluded_lines": [], "start_line": 8}, "LensModel": {"executed_lines": [19, 24], "summary": {"covered_lines": 2, "num_statements": 2, "percent_covered": 100.0, "percent_covered_display": "100", "missing_lines": 0, "excluded_lines": 0, "percent_statements_covered": 100.0, "percent_statements_covered_display": "100"}, "missing_lines": [], "excluded_lines": [], "start_line": 13}, "MeshModel": {"executed_lines": [37, 38, 41, 42, 43, 44, 45, 46, 54, 55, 58, 59, 60, 62, 64, 65, 66, 70, 71, 72, 74, 75, 76, 78, 80, 81, 83, 84, 85, 86, 88, 89, 90, 93, 94, 95, 96, 97, 98, 100, 101, 102, 111, 114, 116, 118, 119, 120, 122, 123, 124, 125, 126, 127, 128, 129, 151, 159, 160], "summary": {"covered_lines": 59, "num_statements": 69, "percent_covered": 85.5072463768116, "percent_covered_display": "86", "missing_lines": 10, "excluded_lines": 0, "percent_statements_covered": 85.5072463768116, "percent_statements_covered_display": "86"}, "missing_lines": [132, 139, 140, 142, 143, 144, 145, 146, 147, 148], "excluded_lines": [], "start_line": 31}, "": {"executed_lines": [1, 2, 3, 4, 5, 7, 8, 9, 10, 12, 13, 14, 15, 16, 18, 21, 22, 30, 31, 32, 33, 34, 36, 40, 48, 68, 104, 150, 157, 158], "summary": {"covered_lines": 30, "num_statements": 30, "percent_covered": 100.0, "percent_covered_display": "100", "missing_lines": 0, "excluded_lines": 0, "percent_statements_covered": 100.0, "percent_statements_covered_display": "100"}, "missing_lines": [], "excluded_lines": [], "start_line": 1}}}, "src/pytorch_engine.py": {"executed_lines": [1, 2, 3, 4, 5, 6, 7, 8, 10, 12, 13, 14, 15, 16, 17, 18, 20, 33, 34, 35, 36, 38, 39, 40, 41, 42, 44, 51, 57, 58, 59, 60, 61, 64, 65, 68, 69, 70, 74, 75, 76, 77, 80, 81, 84, 85, 87, 88, 89, 90, 91, 92, 93, 94, 95, 96, 97, 98, 99, 105, 107, 108, 109, 110, 111, 112, 113, 114, 116, 117, 118, 119, 120, 121, 122, 123, 125, 126, 127, 128, 130, 131, 132, 133, 135, 136, 137, 139, 143, 144, 145, 146, 148, 149, 151, 153, 154, 155, 158, 159, 161, 162, 163, 164, 165, 166, 168, 169, 170, 171, 172, 173, 174, 175, 177, 178, 180, 181, 182, 183, 184, 186, 187, 188, 190, 192, 193, 194, 195, 199, 202, 204, 205, 207, 209, 210, 211, 213, 214, 216, 217, 219, 221, 253, 254, 255, 256, 257, 258, 259, 260, 261, 262, 263, 264, 265, 266, 281, 282, 283, 284, 285, 286, 287, 288, 289, 291, 292, 293, 294, 295, 296, 297, 298, 299, 300, 302, 303, 305, 306, 307, 308, 309, 310, 311, 312, 313, 314, 315, 316, 317, 318, 320, 321, 323, 324, 325, 326, 327, 328, 329, 330, 331, 332, 333, 334, 335, 336, 337], "summary": {"covered_lines": 209, "num_statements": 257, "percent_covered": 81.32295719844358, "percent_covered_display": "81", "missing_lines": 48, "excluded_lines": 0, "percent_statements_covered": 81.32295719844358, "percent_statements_covered_display": "81"}, "missing_lines": [23, 26, 27, 28, 31, 45, 47, 48, 49, 100, 101, 102, 103, 104, 223, 224, 228, 229, 230, 233, 235, 236, 237, 239, 241, 245, 246, 247, 248, 249, 250, 251, 267, 268, 269, 270, 271, 272, 273, 274, 275, 276, 277, 278, 279, 280, 290, 319], "excluded_lines": [], "functions": {"SuperResModel.__init__": {"executed_lines": [14, 15, 16, 17, 18], "summary": {"covered_lines": 5, "num_statements": 5, "percent_covered": 100.0, "percent_covered_display": "100", "missing_lines": 0, "excluded_lines": 0, "percent_statements_covered": 100.0, "percent_statements_covered_display": "100"}, "missing_lines": [], "excluded_lines": [], "start_line": 13}, "SuperResModel.forward": {"executed_lines": [], "summary": {"covered_lines": 0, "num_statements": 5, "percent_covered": 0.0, "percent_covered_display": "0", "missing_lines": 5, "excluded_lines": 0, "percent_statements_covered": 0.0, "percent_statements_covered_display": "0"}, "missing_lines": [23, 26, 27, 28, 31], "excluded_lines": [], "start_line": 20}, "PyTorchWarpEngine.__init__": {"executed_lines": [35, 36], "summary": {"covered_lines": 2, "num_statements": 2, "percent_covered": 100.0, "percent_covered_display": "100", "missing_lines": 0, "excluded_lines": 0, "percent_statements_covered": 100.0, "percent_statements_covered_display": "100"}, "missing_lines": [], "excluded_lines": [], "start_line": 34}, "PyTorchWarpEngine.get_target_size": {"executed_lines": [39, 40, 41, 42], "summary": {"covered_lines": 4, "num_statements": 4, "percent_covered": 100.0, "percent_covered_display": "100", "missing_lines": 0, "excluded_lines": 0, "percent_statements_covered": 100.0, "percent_statements_covered_display": "100"}, "missing_lines": [], "excluded_lines": [], "start_line": 38}, "PyTorchWarpEngine.get_lens_grid": {"executed_lines": [], "summary": {"covered_lines": 0, "num_statements": 4, "percent_covered": 0.0, "percent_covered_display": "0", "missing_lines": 4, "excluded_lines": 0, "percent_statements_covered": 0.0, "percent_statements_covered_display": "0"}, "missing_lines": [45, 47, 48, 49], "excluded_lines": [], "start_line": 44}, "PyTorchWarpEngine.reproject_mesh": {"executed_lines": [57, 58, 59, 60, 61, 64, 65, 68, 69, 70, 74, 75, 76, 77, 80, 81, 84, 85], "summary": {"covered_lines": 18, "num_statements": 18, "percent_covered": 100.0, "percent_covered_display": "100", "missing_lines": 0, "excluded_lines": 0, "percent_statements_covered": 100.0, "percent_statements_covered_display": "100"}, "missing_lines": [], "excluded_lines": [], "start_line": 51}, "PyTorchWarpEngine._find_grid_lines": {"executed_lines": [88, 89, 90, 91, 92, 93, 94, 95, 96, 97, 98, 99, 105], "summary": {"covered_lines": 13, "num_statements": 18, "percent_covered": 72.22222222222223, "percent_covered_display": "72", "missing_lines": 5, "excluded_lines": 0, "percent_statements_covered": 72.22222222222223, "percent_statements_covered_display": "72"}, "missing_lines": [100, 101, 102, 103, 104], "excluded_lines": [], "start_line": 87}, "PyTorchWarpEngine.estimate_grid_dimensions": {"executed_lines": [108, 109, 110, 111, 112, 113, 114], "summary": {"covered_lines": 7, "num_statements": 7, "percent_covered": 100.0, "percent_covered_display": "100", "missing_lines": 0, "excluded_lines": 0, "percent_statements_covered": 100.0, "percent_statements_covered_display": "100"}, "missing_lines": [], "excluded_lines": [], "start_line": 107}, "PyTorchWarpEngine._compute_linearity_loss": {"executed_lines": [117, 118, 119, 120, 121, 122, 123, 125, 126, 127, 128, 130, 131, 132, 133, 135, 136, 137], "summary": {"covered_lines": 18, "num_statements": 18, "percent_covered": 100.0, "percent_covered_display": "100", "missing_lines": 0, "excluded_lines": 0, "percent_statements_covered": 100.0, "percent_statements_covered_display": "100"}, "missing_lines": [], "excluded_lines": [], "start_line": 116}, "PyTorchWarpEngine.estimate_lens_parameters": {"executed_lines": [143, 144, 145, 146, 148, 149, 151, 153, 154, 155, 158, 159, 161, 162, 163, 164, 165, 166, 168, 169, 170, 171, 172, 173, 174, 175, 177, 178, 180, 181, 182, 183, 184, 186, 187, 188, 190, 192, 193, 194, 195, 199, 202, 204, 205, 207, 209, 210, 211, 213, 214, 216, 217, 219], "summary": {"covered_lines": 54, "num_statements": 54, "percent_covered": 100.0, "percent_covered_display": "100", "missing_lines": 0, "excluded_lines": 0, "percent_statements_covered": 100.0, "percent_statements_covered_display": "100"}, "missing_lines": [], "excluded_lines": [], "start_line": 139}, "PyTorchWarpEngine.find_outer_corners": {"executed_lines": [], "summary": {"covered_lines": 0, "num_statements": 18, "percent_covered": 0.0, "percent_covered_display": "0", "missing_lines": 18, "excluded_lines": 0, "percent_statements_covered": 0.0, "percent_statements_covered_display": "0"}, "missing_lines": [223, 224, 228, 229, 230, 233, 235, 236, 237, 239, 241, 245, 246, 247, 248, 249, 250, 251], "excluded_lines": [], "start_line": 221}, "PyTorchWarpEngine.detect_initial_grid": {"executed_lines": [254, 255, 256, 257, 258, 259, 260, 261, 262, 263, 264, 265, 266, 281, 282, 283, 284, 285, 286, 287, 288, 289, 291, 292, 293, 294, 295, 296, 297, 298, 299, 300], "summary": {"covered_lines": 32, "num_statements": 47, "percent_covered": 68.08510638297872, "percent_covered_display": "68", "missing_lines": 15, "excluded_lines": 0, "percent_statements_covered": 68.08510638297872, "percent_statements_covered_display": "68"}, "missing_lines": [267, 268, 269, 270, 271, 272, 273, 274, 275, 276, 277, 278, 279, 280, 290], "excluded_lines": [], "start_line": 253}, "PyTorchWarpEngine.apply_mesh_rectification": {"executed_lines": [303], "summary": {"covered_lines": 1, "num_statements": 1, "percent_covered": 100.0, "percent_covered_display": "100", "missing_lines": 0, "excluded_lines": 0, "percent_statements_covered": 100.0, "percent_statements_covered_display": "100"}, "missing_lines": [], "excluded_lines": [], "start_line": 302}, "PyTorchWarpEngine.process_all": {"executed_lines": [306, 307, 308, 309, 310, 311, 312, 313, 314, 315, 316, 317, 318, 320, 321], "summary": {"covered_lines": 15, "num_statements": 16, "percent_covered": 93.75, "percent_covered_display": "94", "missing_lines": 1, "excluded_lines": 0, "percent_statements_covered": 93.75, "percent_statements_covered_display": "94"}, "missing_lines": [319], "excluded_lines": [], "start_line": 305}, "PyTorchWarpEngine.minimize_energy": {"executed_lines": [324, 325, 326, 327, 328, 335, 336, 337], "summary": {"covered_lines": 8, "num_statements": 8, "percent_covered": 100.0, "percent_covered_display": "100", "missing_lines": 0, "excluded_lines": 0, "percent_statements_covered": 100.0, "percent_statements_covered_display": "100"}, "missing_lines": [], "excluded_lines": [], "start_line": 323}, "PyTorchWarpEngine.minimize_energy.closure": {"executed_lines": [329, 330, 331, 332, 333, 334], "summary": {"covered_lines": 6, "num_statements": 6, "percent_covered": 100.0, "percent_covered_display": "100", "missing_lines": 0, "excluded_lines": 0, "percent_statements_covered": 100.0, "percent_statements_covered_display": "100"}, "missing_lines": [], "excluded_lines": [], "start_line": 328}, "": {"executed_lines": [1, 2, 3, 4, 5, 6, 7, 8, 10, 12, 13, 20, 33, 34, 38, 44, 51, 87, 107, 116, 139, 221, 253, 302, 305, 323], "summary": {"covered_lines": 26, "num_statements": 26, "percent_covered": 100.0, "percent_covered_display": "100", "missing_lines": 0, "excluded_lines": 0, "percent_statements_covered": 100.0, "percent_statements_covered_display": "100"}, "missing_lines": [], "excluded_lines": [], "start_line": 1}}, "classes": {"SuperResModel": {"executed_lines": [14, 15, 16, 17, 18], "summary": {"covered_lines": 5, "num_statements": 10, "percent_covered": 50.0, "percent_covered_display": "50", "missing_lines": 5, "excluded_lines": 0, "percent_statements_covered": 50.0, "percent_statements_covered_display": "50"}, "missing_lines": [23, 26, 27, 28, 31], "excluded_lines": [], "start_line": 12}, "PyTorchWarpEngine": {"executed_lines": [35, 36, 39, 40, 41, 42, 57, 58, 59, 60, 61, 64, 65, 68, 69, 70, 74, 75, 76, 77, 80, 81, 84, 85, 88, 89, 90, 91, 92, 93, 94, 95, 96, 97, 98, 99, 105, 108, 109, 110, 111, 112, 113, 114, 117, 118, 119, 120, 121, 122, 123, 125, 126, 127, 128, 130, 131, 132, 133, 135, 136, 137, 143, 144, 145, 146, 148, 149, 151, 153, 154, 155, 158, 159, 161, 162, 163, 164, 165, 166, 168, 169, 170, 171, 172, 173, 174, 175, 177, 178, 180, 181, 182, 183, 184, 186, 187, 188, 190, 192, 193, 194, 195, 199, 202, 204, 205, 207, 209, 210, 211, 213, 214, 216, 217, 219, 254, 255, 256, 257, 258, 259, 260, 261, 262, 263, 264, 265, 266, 281, 282, 283, 284, 285, 286, 287, 288, 289, 291, 292, 293, 294, 295, 296, 297, 298, 299, 300, 303, 306, 307, 308, 309, 310, 311, 312, 313, 314, 315, 316, 317, 318, 320, 321, 324, 325, 326, 327, 328, 329, 330, 331, 332, 333, 334, 335, 336, 337], "summary": {"covered_lines": 178, "num_statements": 221, "percent_covered": 80.54298642533936, "percent_covered_display": "81", "missing_lines": 43, "excluded_lines": 0, "percent_statements_covered": 80.54298642533936, "percent_statements_covered_display": "81"}, "missing_lines": [45, 47, 48, 49, 100, 101, 102, 103, 104, 223, 224, 228, 229, 230, 233, 235, 236, 237, 239, 241, 245, 246, 247, 248, 249, 250, 251, 267, 268, 269, 270, 271, 272, 273, 274, 275, 276, 277, 278, 279, 280, 290, 319], "excluded_lines": [], "start_line": 33}, "": {"executed_lines": [1, 2, 3, 4, 5, 6, 7, 8, 10, 12, 13, 20, 33, 34, 38, 44, 51, 87, 107, 116, 139, 221, 253, 302, 305, 323], "summary": {"covered_lines": 26, "num_statements": 26, "percent_covered": 100.0, "percent_covered_display": "100", "missing_lines": 0, "excluded_lines": 0, "percent_statements_covered": 100.0, "percent_statements_covered_display": "100"}, "missing_lines": [], "excluded_lines": [], "start_line": 1}}}, "src/view.py": {"executed_lines": [1, 2, 4, 5, 6, 7, 9, 10, 11, 13, 30, 35, 39, 53, 96, 126, 153, 156, 160, 164, 168, 172, 173, 175, 197, 208, 214, 233, 238, 242, 243, 245, 246, 247, 248, 249, 250, 251, 252, 254, 258, 262, 263, 264, 266, 322, 335, 338, 342, 343, 344, 345, 347, 348, 349, 350, 351, 353, 354, 357, 358, 359, 360, 361, 362, 364, 365, 366, 368, 369, 370, 371, 373, 374, 375, 376, 377, 378, 380, 381, 383, 389, 390, 391, 393, 397, 401, 410, 411, 601, 604, 612, 617, 631, 634, 637, 640, 643, 647, 651, 654, 658, 664, 670, 675], "summary": {"covered_lines": 105, "num_statements": 507, "percent_covered": 20.71005917159763, "percent_covered_display": "21", "missing_lines": 402, "excluded_lines": 0, "percent_statements_covered": 20.71005917159763, "percent_statements_covered_display": "21"}, "missing_lines": [14, 15, 16, 17, 18, 19, 23, 24, 25, 27, 28, 31, 32, 33, 36, 37, 40, 41, 43, 44, 45, 46, 48, 50, 51, 54, 55, 57, 60, 61, 62, 63, 64, 65, 66, 69, 70, 71, 74, 75, 76, 77, 78, 81, 82, 83, 85, 86, 87, 90, 91, 92, 93, 94, 97, 98, 100, 101, 102, 103, 105, 107, 109, 110, 111, 112, 113, 114, 115, 116, 119, 123, 124, 127, 128, 129, 130, 131, 133, 134, 135, 137, 138, 140, 141, 142, 143, 144, 145, 147, 150, 151, 154, 157, 158, 161, 162, 165, 166, 169, 170, 176, 177, 178, 180, 181, 182, 183, 184, 186, 187, 188, 189, 190, 192, 193, 194, 195, 198, 199, 200, 202, 203, 204, 206, 209, 210, 211, 212, 215, 216, 217, 219, 221, 222, 223, 225, 226, 227, 228, 229, 230, 234, 235, 236, 239, 240, 255, 256, 259, 260, 267, 268, 270, 271, 272, 273, 275, 276, 277, 278, 280, 281, 282, 283, 286, 289, 290, 291, 292, 295, 296, 297, 298, 301, 302, 303, 304, 305, 308, 309, 310, 311, 312, 315, 316, 317, 320, 323, 324, 325, 326, 327, 329, 330, 331, 332, 333, 336, 339, 340, 384, 385, 386, 387, 394, 395, 398, 399, 403, 404, 405, 406, 407, 408, 412, 413, 414, 416, 417, 418, 421, 422, 423, 425, 426, 427, 430, 431, 432, 433, 434, 435, 436, 437, 438, 440, 441, 442, 443, 444, 446, 449, 450, 451, 452, 454, 455, 457, 458, 459, 461, 462, 463, 464, 466, 467, 468, 470, 471, 472, 474, 475, 476, 478, 479, 480, 481, 483, 484, 485, 486, 487, 488, 489, 490, 491, 492, 494, 495, 497, 498, 499, 501, 502, 503, 504, 506, 507, 508, 510, 511, 512, 514, 515, 516, 517, 519, 520, 521, 524, 526, 527, 528, 529, 530, 531, 533, 534, 535, 536, 538, 539, 540, 541, 542, 543, 545, 546, 547, 548, 551, 552, 553, 554, 555, 556, 558, 559, 560, 561, 563, 564, 565, 567, 568, 569, 571, 572, 573, 576, 577, 578, 580, 581, 582, 584, 585, 587, 588, 590, 591, 593, 594, 595, 596, 598, 602, 605, 606, 607, 608, 609, 610, 613, 618, 619, 620, 622, 623, 624, 626, 627, 628, 629, 632, 635, 638, 641, 644, 645, 648, 649, 652, 655, 656, 659, 660, 661, 662, 665, 666, 667, 668, 672, 673, 677, 678, 679, 681, 682, 684], "excluded_lines": [], "functions": {"Canvas.__init__": {"executed_lines": [], "summary": {"covered_lines": 0, "num_statements": 11, "percent_covered": 0.0, "percent_covered_display": "0", "missing_lines": 11, "excluded_lines": 0, "percent_statements_covered": 0.0, "percent_statements_covered_display": "0"}, "missing_lines": [14, 15, 16, 17, 18, 19, 23, 24, 25, 27, 28], "excluded_lines": [], "start_line": 13}, "Canvas.set_image": {"executed_lines": [], "summary": {"covered_lines": 0, "num_statements": 3, "percent_covered": 0.0, "percent_covered_display": "0", "missing_lines": 3, "excluded_lines": 0, "percent_statements_covered": 0.0, "percent_statements_covered_display": "0"}, "missing_lines": [31, 32, 33], "excluded_lines": [], "start_line": 30}, "Canvas.set_mesh": {"executed_lines": [], "summary": {"covered_lines": 0, "num_statements": 2, "percent_covered": 0.0, "percent_covered_display": "0", "missing_lines": 2, "excluded_lines": 0, "percent_statements_covered": 0.0, "percent_statements_covered_display": "0"}, "missing_lines": [36, 37], "excluded_lines": [], "start_line": 35}, "Canvas.paintEvent": {"executed_lines": [], "summary": {"covered_lines": 0, "num_statements": 9, "percent_covered": 0.0, "percent_covered_display": "0", "missing_lines": 9, "excluded_lines": 0, "percent_statements_covered": 0.0, "percent_statements_covered_display": "0"}, "missing_lines": [40, 41, 43, 44, 45, 46, 48, 50, 51], "excluded_lines": [], "start_line": 39}, "Canvas.draw_grid": {"executed_lines": [], "summary": {"covered_lines": 0, "num_statements": 29, "percent_covered": 0.0, "percent_covered_display": "0", "missing_lines": 29, "excluded_lines": 0, "percent_statements_covered": 0.0, "percent_statements_covered_display": "0"}, "missing_lines": [54, 55, 57, 60, 61, 62, 63, 64, 65, 66, 69, 70, 71, 74, 75, 76, 77, 78, 81, 82, 83, 85, 86, 87, 90, 91, 92, 93, 94], "excluded_lines": [], "start_line": 53}, "Canvas.mousePressEvent": {"executed_lines": [], "summary": {"covered_lines": 0, "num_statements": 19, "percent_covered": 0.0, "percent_covered_display": "0", "missing_lines": 19, "excluded_lines": 0, "percent_statements_covered": 0.0, "percent_statements_covered_display": "0"}, "missing_lines": [97, 98, 100, 101, 102, 103, 105, 107, 109, 110, 111, 112, 113, 114, 115, 116, 119, 123, 124], "excluded_lines": [], "start_line": 96}, "Canvas.mouseMoveEvent": {"executed_lines": [], "summary": {"covered_lines": 0, "num_statements": 19, "percent_covered": 0.0, "percent_covered_display": "0", "missing_lines": 19, "excluded_lines": 0, "percent_statements_covered": 0.0, "percent_statements_covered_display": "0"}, "missing_lines": [127, 128, 129, 130, 131, 133, 134, 135, 137, 138, 140, 141, 142, 143, 144, 145, 147, 150, 151], "excluded_lines": [], "start_line": 126}, "Canvas.mouseReleaseEvent": {"executed_lines": [], "summary": {"covered_lines": 0, "num_statements": 1, "percent_covered": 0.0, "percent_covered_display": "0", "missing_lines": 1, "excluded_lines": 0, "percent_statements_covered": 0.0, "percent_statements_covered_display": "0"}, "missing_lines": [154], "excluded_lines": [], "start_line": 153}, "Canvas.keyPressEvent": {"executed_lines": [], "summary": {"covered_lines": 0, "num_statements": 2, "percent_covered": 0.0, "percent_covered_display": "0", "missing_lines": 2, "excluded_lines": 0, "percent_statements_covered": 0.0, "percent_statements_covered_display": "0"}, "missing_lines": [157, 158], "excluded_lines": [], "start_line": 156}, "Canvas.keyReleaseEvent": {"executed_lines": [], "summary": {"covered_lines": 0, "num_statements": 2, "percent_covered": 0.0, "percent_covered_display": "0", "missing_lines": 2, "excluded_lines": 0, "percent_statements_covered": 0.0, "percent_statements_covered_display": "0"}, "missing_lines": [161, 162], "excluded_lines": [], "start_line": 160}, "Canvas.set_crosshair_pos": {"executed_lines": [], "summary": {"covered_lines": 0, "num_statements": 2, "percent_covered": 0.0, "percent_covered_display": "0", "missing_lines": 2, "excluded_lines": 0, "percent_statements_covered": 0.0, "percent_statements_covered_display": "0"}, "missing_lines": [165, 166], "excluded_lines": [], "start_line": 164}, "Canvas.set_guide_scale": {"executed_lines": [], "summary": {"covered_lines": 0, "num_statements": 2, "percent_covered": 0.0, "percent_covered_display": "0", "missing_lines": 2, "excluded_lines": 0, "percent_statements_covered": 0.0, "percent_statements_covered_display": "0"}, "missing_lines": [169, 170], "excluded_lines": [], "start_line": 168}, "CameraDialog.__init__": {"executed_lines": [], "summary": {"covered_lines": 0, "num_statements": 17, "percent_covered": 0.0, "percent_covered_display": "0", "missing_lines": 17, "excluded_lines": 0, "percent_statements_covered": 0.0, "percent_statements_covered_display": "0"}, "missing_lines": [176, 177, 178, 180, 181, 182, 183, 184, 186, 187, 188, 189, 190, 192, 193, 194, 195], "excluded_lines": [], "start_line": 175}, "CameraDialog.start_camera": {"executed_lines": [], "summary": {"covered_lines": 0, "num_statements": 7, "percent_covered": 0.0, "percent_covered_display": "0", "missing_lines": 7, "excluded_lines": 0, "percent_statements_covered": 0.0, "percent_statements_covered_display": "0"}, "missing_lines": [198, 199, 200, 202, 203, 204, 206], "excluded_lines": [], "start_line": 197}, "CameraDialog.stop_camera": {"executed_lines": [], "summary": {"covered_lines": 0, "num_statements": 4, "percent_covered": 0.0, "percent_covered_display": "0", "missing_lines": 4, "excluded_lines": 0, "percent_statements_covered": 0.0, "percent_statements_covered_display": "0"}, "missing_lines": [209, 210, 211, 212], "excluded_lines": [], "start_line": 208}, "CameraDialog.update_frame": {"executed_lines": [], "summary": {"covered_lines": 0, "num_statements": 13, "percent_covered": 0.0, "percent_covered_display": "0", "missing_lines": 13, "excluded_lines": 0, "percent_statements_covered": 0.0, "percent_statements_covered_display": "0"}, "missing_lines": [215, 216, 217, 219, 221, 222, 223, 225, 226, 227, 228, 229, 230], "excluded_lines": [], "start_line": 214}, "CameraDialog.capture": {"executed_lines": [], "summary": {"covered_lines": 0, "num_statements": 3, "percent_covered": 0.0, "percent_covered_display": "0", "missing_lines": 3, "excluded_lines": 0, "percent_statements_covered": 0.0, "percent_statements_covered_display": "0"}, "missing_lines": [234, 235, 236], "excluded_lines": [], "start_line": 233}, "CameraDialog.closeEvent": {"executed_lines": [], "summary": {"covered_lines": 0, "num_statements": 2, "percent_covered": 0.0, "percent_covered_display": "0", "missing_lines": 2, "excluded_lines": 0, "percent_statements_covered": 0.0, "percent_statements_covered_display": "0"}, "missing_lines": [239, 240], "excluded_lines": [], "start_line": 238}, "PreviewCanvas.__init__": {"executed_lines": [246, 247, 248, 249, 250, 251, 252], "summary": {"covered_lines": 7, "num_statements": 7, "percent_covered": 100.0, "percent_covered_display": "100", "missing_lines": 0, "excluded_lines": 0, "percent_statements_covered": 100.0, "percent_statements_covered_display": "100"}, "missing_lines": [], "excluded_lines": [], "start_line": 245}, "PreviewCanvas.set_crosshair_pos": {"executed_lines": [], "summary": {"covered_lines": 0, "num_statements": 2, "percent_covered": 0.0, "percent_covered_display": "0", "missing_lines": 2, "excluded_lines": 0, "percent_statements_covered": 0.0, "percent_statements_covered_display": "0"}, "missing_lines": [255, 256], "excluded_lines": [], "start_line": 254}, "PreviewCanvas.set_guide_scale": {"executed_lines": [], "summary": {"covered_lines": 0, "num_statements": 2, "percent_covered": 0.0, "percent_covered_display": "0", "missing_lines": 2, "excluded_lines": 0, "percent_statements_covered": 0.0, "percent_statements_covered_display": "0"}, "missing_lines": [259, 260], "excluded_lines": [], "start_line": 258}, "PreviewCanvas.set_pixmap": {"executed_lines": [263, 264], "summary": {"covered_lines": 2, "num_statements": 2, "percent_covered": 100.0, "percent_covered_display": "100", "missing_lines": 0, "excluded_lines": 0, "percent_statements_covered": 100.0, "percent_statements_covered_display": "100"}, "missing_lines": [], "excluded_lines": [], "start_line": 262}, "PreviewCanvas.paintEvent": {"executed_lines": [], "summary": {"covered_lines": 0, "num_statements": 37, "percent_covered": 0.0, "percent_covered_display": "0", "missing_lines": 37, "excluded_lines": 0, "percent_statements_covered": 0.0, "percent_statements_covered_display": "0"}, "missing_lines": [267, 268, 270, 271, 272, 273, 275, 276, 277, 278, 280, 281, 282, 283, 286, 289, 290, 291, 292, 295, 296, 297, 298, 301, 302, 303, 304, 305, 308, 309, 310, 311, 312, 315, 316, 317, 320], "excluded_lines": [], "start_line": 266}, "PreviewCanvas._handle_mouse": {"executed_lines": [], "summary": {"covered_lines": 0, "num_statements": 10, "percent_covered": 0.0, "percent_covered_display": "0", "missing_lines": 10, "excluded_lines": 0, "percent_statements_covered": 0.0, "percent_statements_covered_display": "0"}, "missing_lines": [323, 324, 325, 326, 327, 329, 330, 331, 332, 333], "excluded_lines": [], "start_line": 322}, "PreviewCanvas.mousePressEvent": {"executed_lines": [], "summary": {"covered_lines": 0, "num_statements": 1, "percent_covered": 0.0, "percent_covered_display": "0", "missing_lines": 1, "excluded_lines": 0, "percent_statements_covered": 0.0, "percent_statements_covered_display": "0"}, "missing_lines": [336], "excluded_lines": [], "start_line": 335}, "PreviewCanvas.mouseMoveEvent": {"executed_lines": [], "summary": {"covered_lines": 0, "num_statements": 2, "percent_covered": 0.0, "percent_covered_display": "0", "missing_lines": 2, "excluded_lines": 0, "percent_statements_covered": 0.0, "percent_statements_covered_display": "0"}, "missing_lines": [339, 340], "excluded_lines": [], "start_line": 338}, "PreviewWindow.__init__": {"executed_lines": [344, 345, 347, 348, 349, 350, 351, 353, 354, 357, 358, 359, 360, 361, 362, 364, 365, 366, 368, 369, 370, 371, 373, 374, 375, 376, 377, 378, 380, 381], "summary": {"covered_lines": 30, "num_statements": 30, "percent_covered": 100.0, "percent_covered_display": "100", "missing_lines": 0, "excluded_lines": 0, "percent_statements_covered": 100.0, "percent_statements_covered_display": "100"}, "missing_lines": [], "excluded_lines": [], "start_line": 343}, "PreviewWindow._on_scale_changed": {"executed_lines": [], "summary": {"covered_lines": 0, "num_statements": 4, "percent_covered": 0.0, "percent_covered_display": "0", "missing_lines": 4, "excluded_lines": 0, "percent_statements_covered": 0.0, "percent_statements_covered_display": "0"}, "missing_lines": [384, 385, 386, 387], "excluded_lines": [], "start_line": 383}, "PreviewWindow.set_image": {"executed_lines": [390, 391], "summary": {"covered_lines": 2, "num_statements": 2, "percent_covered": 100.0, "percent_covered_display": "100", "missing_lines": 0, "excluded_lines": 0, "percent_statements_covered": 100.0, "percent_statements_covered_display": "100"}, "missing_lines": [], "excluded_lines": [], "start_line": 389}, "PreviewWindow.set_crosshair_visible": {"executed_lines": [], "summary": {"covered_lines": 0, "num_statements": 2, "percent_covered": 0.0, "percent_covered_display": "0", "missing_lines": 2, "excluded_lines": 0, "percent_statements_covered": 0.0, "percent_statements_covered_display": "0"}, "missing_lines": [394, 395], "excluded_lines": [], "start_line": 393}, "PreviewWindow.set_crosshair_pos": {"executed_lines": [], "summary": {"covered_lines": 0, "num_statements": 2, "percent_covered": 0.0, "percent_covered_display": "0", "missing_lines": 2, "excluded_lines": 0, "percent_statements_covered": 0.0, "percent_statements_covered_display": "0"}, "missing_lines": [398, 399], "excluded_lines": [], "start_line": 397}, "PreviewWindow.set_guide_scale": {"executed_lines": [], "summary": {"covered_lines": 0, "num_statements": 6, "percent_covered": 0.0, "percent_covered_display": "0", "missing_lines": 6, "excluded_lines": 0, "percent_statements_covered": 0.0, "percent_statements_covered_display": "0"}, "missing_lines": [403, 404, 405, 406, 407, 408], "excluded_lines": [], "start_line": 401}, "MainWindow.__init__": {"executed_lines": [], "summary": {"covered_lines": 0, "num_statements": 142, "percent_covered": 0.0, "percent_covered_display": "0", "missing_lines": 142, "excluded_lines": 0, "percent_statements_covered": 0.0, "percent_statements_covered_display": "0"}, "missing_lines": [412, 413, 414, 416, 417, 418, 421, 422, 423, 425, 426, 427, 430, 431, 432, 433, 434, 435, 436, 437, 438, 440, 441, 442, 443, 444, 446, 449, 450, 451, 452, 454, 455, 457, 458, 459, 461, 462, 463, 464, 466, 467, 468, 470, 471, 472, 474, 475, 476, 478, 479, 480, 481, 483, 484, 485, 486, 487, 488, 489, 490, 491, 492, 494, 495, 497, 498, 499, 501, 502, 503, 504, 506, 507, 508, 510, 511, 512, 514, 515, 516, 517, 519, 520, 521, 524, 526, 527, 528, 529, 530, 531, 533, 534, 535, 536, 538, 539, 540, 541, 542, 543, 545, 546, 547, 548, 551, 552, 553, 554, 555, 556, 558, 559, 560, 561, 563, 564, 565, 567, 568, 569, 571, 572, 573, 576, 577, 578, 580, 581, 582, 584, 585, 587, 588, 590, 591, 593, 594, 595, 596, 598], "excluded_lines": [], "start_line": 411}, "MainWindow.get_grid_dimensions": {"executed_lines": [], "summary": {"covered_lines": 0, "num_statements": 1, "percent_covered": 0.0, "percent_covered_display": "0", "missing_lines": 1, "excluded_lines": 0, "percent_statements_covered": 0.0, "percent_statements_covered_display": "0"}, "missing_lines": [602], "excluded_lines": [], "start_line": 601}, "MainWindow.set_grid_dimensions": {"executed_lines": [], "summary": {"covered_lines": 0, "num_statements": 6, "percent_covered": 0.0, "percent_covered_display": "0", "missing_lines": 6, "excluded_lines": 0, "percent_statements_covered": 0.0, "percent_statements_covered_display": "0"}, "missing_lines": [605, 606, 607, 608, 609, 610], "excluded_lines": [], "start_line": 604}, "MainWindow.get_lens_params": {"executed_lines": [], "summary": {"covered_lines": 0, "num_statements": 1, "percent_covered": 0.0, "percent_covered_display": "0", "missing_lines": 1, "excluded_lines": 0, "percent_statements_covered": 0.0, "percent_statements_covered_display": "0"}, "missing_lines": [613], "excluded_lines": [], "start_line": 612}, "MainWindow.set_lens_params": {"executed_lines": [], "summary": {"covered_lines": 0, "num_statements": 10, "percent_covered": 0.0, "percent_covered_display": "0", "missing_lines": 10, "excluded_lines": 0, "percent_statements_covered": 0.0, "percent_statements_covered_display": "0"}, "missing_lines": [618, 619, 620, 622, 623, 624, 626, 627, 628, 629], "excluded_lines": [], "start_line": 617}, "MainWindow.set_guide_scale": {"executed_lines": [], "summary": {"covered_lines": 0, "num_statements": 1, "percent_covered": 0.0, "percent_covered_display": "0", "missing_lines": 1, "excluded_lines": 0, "percent_statements_covered": 0.0, "percent_statements_covered_display": "0"}, "missing_lines": [632], "excluded_lines": [], "start_line": 631}, "MainWindow.is_preview_enabled": {"executed_lines": [], "summary": {"covered_lines": 0, "num_statements": 1, "percent_covered": 0.0, "percent_covered_display": "0", "missing_lines": 1, "excluded_lines": 0, "percent_statements_covered": 0.0, "percent_statements_covered_display": "0"}, "missing_lines": [635], "excluded_lines": [], "start_line": 634}, "MainWindow.is_super_res_enabled": {"executed_lines": [], "summary": {"covered_lines": 0, "num_statements": 1, "percent_covered": 0.0, "percent_covered_display": "0", "missing_lines": 1, "excluded_lines": 0, "percent_statements_covered": 0.0, "percent_statements_covered_display": "0"}, "missing_lines": [638], "excluded_lines": [], "start_line": 637}, "MainWindow.is_smooth_warp_enabled": {"executed_lines": [], "summary": {"covered_lines": 0, "num_statements": 1, "percent_covered": 0.0, "percent_covered_display": "0", "missing_lines": 1, "excluded_lines": 0, "percent_statements_covered": 0.0, "percent_statements_covered_display": "0"}, "missing_lines": [641], "excluded_lines": [], "start_line": 640}, "MainWindow.set_grid_visible": {"executed_lines": [], "summary": {"covered_lines": 0, "num_statements": 2, "percent_covered": 0.0, "percent_covered_display": "0", "missing_lines": 2, "excluded_lines": 0, "percent_statements_covered": 0.0, "percent_statements_covered_display": "0"}, "missing_lines": [644, 645], "excluded_lines": [], "start_line": 643}, "MainWindow.set_crosshair_visible": {"executed_lines": [], "summary": {"covered_lines": 0, "num_statements": 2, "percent_covered": 0.0, "percent_covered_display": "0", "missing_lines": 2, "excluded_lines": 0, "percent_statements_covered": 0.0, "percent_statements_covered_display": "0"}, "missing_lines": [648, 649], "excluded_lines": [], "start_line": 647}, "MainWindow.set_progress_visible": {"executed_lines": [], "summary": {"covered_lines": 0, "num_statements": 1, "percent_covered": 0.0, "percent_covered_display": "0", "missing_lines": 1, "excluded_lines": 0, "percent_statements_covered": 0.0, "percent_statements_covered_display": "0"}, "missing_lines": [652], "excluded_lines": [], "start_line": 651}, "MainWindow.update_progress": {"executed_lines": [], "summary": {"covered_lines": 0, "num_statements": 2, "percent_covered": 0.0, "percent_covered_display": "0", "missing_lines": 2, "excluded_lines": 0, "percent_statements_covered": 0.0, "percent_statements_covered_display": "0"}, "missing_lines": [655, 656], "excluded_lines": [], "start_line": 654}, "MainWindow._update_labels": {"executed_lines": [], "summary": {"covered_lines": 0, "num_statements": 4, "percent_covered": 0.0, "percent_covered_display": "0", "missing_lines": 4, "excluded_lines": 0, "percent_statements_covered": 0.0, "percent_statements_covered_display": "0"}, "missing_lines": [659, 660, 661, 662], "excluded_lines": [], "start_line": 658}, "MainWindow.reset_lens_sliders": {"executed_lines": [], "summary": {"covered_lines": 0, "num_statements": 4, "percent_covered": 0.0, "percent_covered_display": "0", "missing_lines": 4, "excluded_lines": 0, "percent_statements_covered": 0.0, "percent_statements_covered_display": "0"}, "missing_lines": [665, 666, 667, 668], "excluded_lines": [], "start_line": 664}, "MainWindow.reset_to_default": {"executed_lines": [], "summary": {"covered_lines": 0, "num_statements": 2, "percent_covered": 0.0, "percent_covered_display": "0", "missing_lines": 2, "excluded_lines": 0, "percent_statements_covered": 0.0, "percent_statements_covered_display": "0"}, "missing_lines": [672, 673], "excluded_lines": [], "start_line": 670}, "MainWindow.set_image_path": {"executed_lines": [], "summary": {"covered_lines": 0, "num_statements": 6, "percent_covered": 0.0, "percent_covered_display": "0", "missing_lines": 6, "excluded_lines": 0, "percent_statements_covered": 0.0, "percent_statements_covered_display": "0"}, "missing_lines": [677, 678, 679, 681, 682, 684], "excluded_lines": [], "start_line": 675}, "": {"executed_lines": [1, 2, 4, 5, 6, 7, 9, 10, 11, 13, 30, 35, 39, 53, 96, 126, 153, 156, 160, 164, 168, 172, 173, 175, 197, 208, 214, 233, 238, 242, 243, 245, 254, 258, 262, 266, 322, 335, 338, 342, 343, 383, 389, 393, 397, 401, 410, 411, 601, 604, 612, 617, 631, 634, 637, 640, 643, 647, 651, 654, 658, 664, 670, 675], "summary": {"covered_lines": 64, "num_statements": 64, "percent_covered": 100.0, "percent_covered_display": "100", "missing_lines": 0, "excluded_lines": 0, "percent_statements_covered": 100.0, "percent_statements_covered_display": "100"}, "missing_lines": [], "excluded_lines": [], "start_line": 1}}, "classes": {"Canvas": {"executed_lines": [], "summary": {"covered_lines": 0, "num_statements": 101, "percent_covered": 0.0, "percent_covered_display": "0", "missing_lines": 101, "excluded_lines": 0, "percent_statements_covered": 0.0, "percent_statements_covered_display": "0"}, "missing_lines": [14, 15, 16, 17, 18, 19, 23, 24, 25, 27, 28, 31, 32, 33, 36, 37, 40, 41, 43, 44, 45, 46, 48, 50, 51, 54, 55, 57, 60, 61, 62, 63, 64, 65, 66, 69, 70, 71, 74, 75, 76, 77, 78, 81, 82, 83, 85, 86, 87, 90, 91, 92, 93, 94, 97, 98, 100, 101, 102, 103, 105, 107, 109, 110, 111, 112, 113, 114, 115, 116, 119, 123, 124, 127, 128, 129, 130, 131, 133, 134, 135, 137, 138, 140, 141, 142, 143, 144, 145, 147, 150, 151, 154, 157, 158, 161, 162, 165, 166, 169, 170], "excluded_lines": [], "start_line": 9}, "CameraDialog": {"executed_lines": [], "summary": {"covered_lines": 0, "num_statements": 46, "percent_covered": 0.0, "percent_covered_display": "0", "missing_lines": 46, "excluded_lines": 0, "percent_statements_covered": 0.0, "percent_statements_covered_display": "0"}, "missing_lines": [176, 177, 178, 180, 181, 182, 183, 184, 186, 187, 188, 189, 190, 192, 193, 194, 195, 198, 199, 200, 202, 203, 204, 206, 209, 210, 211, 212, 215, 216, 217, 219, 221, 222, 223, 225, 226, 227, 228, 229, 230, 234, 235, 236, 239, 240], "excluded_lines": [], "start_line": 172}, "PreviewCanvas": {"executed_lines": [246, 247, 248, 249, 250, 251, 252, 263, 264], "summary": {"covered_lines": 9, "num_statements": 63, "percent_covered": 14.285714285714286, "percent_covered_display": "14", "missing_lines": 54, "excluded_lines": 0, "percent_statements_covered": 14.285714285714286, "percent_statements_covered_display": "14"}, "missing_lines": [255, 256, 259, 260, 267, 268, 270, 271, 272, 273, 275, 276, 277, 278, 280, 281, 282, 283, 286, 289, 290, 291, 292, 295, 296, 297, 298, 301, 302, 303, 304, 305, 308, 309, 310, 311, 312, 315, 316, 317, 320, 323, 324, 325, 326, 327, 329, 330, 331, 332, 333, 336, 339, 340], "excluded_lines": [], "start_line": 242}, "PreviewWindow": {"executed_lines": [344, 345, 347, 348, 349, 350, 351, 353, 354, 357, 358, 359, 360, 361, 362, 364, 365, 366, 368, 369, 370, 371, 373, 374, 375, 376, 377, 378, 380, 381, 390, 391], "summary": {"covered_lines": 32, "num_statements": 46, "percent_covered": 69.56521739130434, "percent_covered_display": "70", "missing_lines": 14, "excluded_lines": 0, "percent_statements_covered": 69.56521739130434, "percent_statements_covered_display": "70"}, "missing_lines": [384, 385, 386, 387, 394, 395, 398, 399, 403, 404, 405, 406, 407, 408], "excluded_lines": [], "start_line": 342}, "MainWindow": {"executed_lines": [], "summary": {"covered_lines": 0, "num_statements": 187, "percent_covered": 0.0, "percent_covered_display": "0", "missing_lines": 187, "excluded_lines": 0, "percent_statements_covered": 0.0, "percent_statements_covered_display": "0"}, "missing_lines": [412, 413, 414, 416, 417, 418, 421, 422, 423, 425, 426, 427, 430, 431, 432, 433, 434, 435, 436, 437, 438, 440, 441, 442, 443, 444, 446, 449, 450, 451, 452, 454, 455, 457, 458, 459, 461, 462, 463, 464, 466, 467, 468, 470, 471, 472, 474, 475, 476, 478, 479, 480, 481, 483, 484, 485, 486, 487, 488, 489, 490, 491, 492, 494, 495, 497, 498, 499, 501, 502, 503, 504, 506, 507, 508, 510, 511, 512, 514, 515, 516, 517, 519, 520, 521, 524, 526, 527, 528, 529, 530, 531, 533, 534, 535, 536, 538, 539, 540, 541, 542, 543, 545, 546, 547, 548, 551, 552, 553, 554, 555, 556, 558, 559, 560, 561, 563, 564, 565, 567, 568, 569, 571, 572, 573, 576, 577, 578, 580, 581, 582, 584, 585, 587, 588, 590, 591, 593, 594, 595, 596, 598, 602, 605, 606, 607, 608, 609, 610, 613, 618, 619, 620, 622, 623, 624, 626, 627, 628, 629, 632, 635, 638, 641, 644, 645, 648, 649, 652, 655, 656, 659, 660, 661, 662, 665, 666, 667, 668, 672, 673, 677, 678, 679, 681, 682, 684], "excluded_lines": [], "start_line": 410}, "": {"executed_lines": [1, 2, 4, 5, 6, 7, 9, 10, 11, 13, 30, 35, 39, 53, 96, 126, 153, 156, 160, 164, 168, 172, 173, 175, 197, 208, 214, 233, 238, 242, 243, 245, 254, 258, 262, 266, 322, 335, 338, 342, 343, 383, 389, 393, 397, 401, 410, 411, 601, 604, 612, 617, 631, 634, 637, 640, 643, 647, 651, 654, 658, 664, 670, 675], "summary": {"covered_lines": 64, "num_statements": 64, "percent_covered": 100.0, "percent_covered_display": "100", "missing_lines": 0, "excluded_lines": 0, "percent_statements_covered": 100.0, "percent_statements_covered_display": "100"}, "missing_lines": [], "excluded_lines": [], "start_line": 1}}}}, "totals": {"covered_lines": 675, "num_statements": 1272, "percent_covered": 53.06603773584906, "percent_covered_display": "53", "missing_lines": 597, "excluded_lines": 0, "percent_statements_covered": 53.06603773584906, "percent_statements_covered_display": "53"}}